<?xml version="1.0" encoding="UTF-8"?>
<!-- Generated by org.testng.reporters.JUnitReportReporter -->
<testsuite skipped="0" hostname="DESKTOP-UEHQM53" name="com.inetbanking.testCases.TC_LoginTest_001" tests="1" failures="0" timestamp="11 Nov 2020 19:03:52 GMT" time="8.942" errors="0">
  <testcase name="loginTest" time="8.942" classname="com.inetbanking.testCases.TC_LoginTest_001"/>
</testsuite> <!-- com.inetbanking.testCases.TC_LoginTest_001 -->
