<?xml version="1.0" encoding="UTF-8"?>
<!-- Generated by org.testng.reporters.JUnitReportReporter -->
<testsuite skipped="0" hostname="DESKTOP-UEHQM53" name="com.inetbanking.testCases.TC_LoginDDT_002" tests="5" failures="0" timestamp="11 Nov 2020 19:03:52 GMT" time="37.538" errors="0">
  <testcase name="loginDDT" time="7.043" classname="com.inetbanking.testCases.TC_LoginDDT_002"/>
  <testcase name="loginDDT" time="8.283" classname="com.inetbanking.testCases.TC_LoginDDT_002"/>
  <testcase name="loginDDT" time="6.899" classname="com.inetbanking.testCases.TC_LoginDDT_002"/>
  <testcase name="loginDDT" time="7.345" classname="com.inetbanking.testCases.TC_LoginDDT_002"/>
  <testcase name="loginDDT" time="7.968" classname="com.inetbanking.testCases.TC_LoginDDT_002"/>
</testsuite> <!-- com.inetbanking.testCases.TC_LoginDDT_002 -->
